<?xml version="1.0" encoding="UTF-8"?>
<!-- Generated by org.testng.reporters.JUnitXMLReporter -->
<testsuite ignored="0" hostname="DESKTOP-DT03IGN" failures="1" tests="1" name="test1" time="0.1" errors="0" timestamp="22 Oct 2022 04:10:26 GMT">
  <testcase classname="ParamTestNGWithParameterized" name="parameterTest" time="0.032">
    <failure type="java.lang.AssertionError" message="expected [0.0] but found [0.4494897427831779]">
      <![CDATA[java.lang.AssertionError: expected [0.0] but found [0.4494897427831779]
at ParamTestNGWithParameterized.parameterTest(ParamTestNGWithParameterized.java:23)
... Removed 27 stack frames]]>
    </failure>
  </testcase> <!-- parameterTest -->
</testsuite> <!-- test1 -->
